# JRE version: OpenJDK Runtime Environment (11.0.5+10) (build 11.0.5+10-post-Ubuntu-0ubuntu1.118.04)
# Java VM: OpenJDK 64-Bit Server VM (11.0.5+10-post-Ubuntu-0ubuntu1.118.04, mixed mode, sharing, tiered, compressed oops, g1 gc, linux-amd64)
Heap:
 garbage-first heap   total 131072K, used 50474K [0x0000000083800000, 0x0000000100000000)
  region size 1024K, 46 young (47104K), 1 survivors (1024K)
 Metaspace       used 13404K, capacity 13971K, committed 14080K, reserved 1060864K
  class space    used 1498K, capacity 1705K, committed 1792K, reserved 1048576K
GC Heap History (20 events):
Event: 808,225 GC heap before
{Heap before GC invocations=116 (full 0):
 garbage-first heap   total 131072K, used 81187K [0x0000000083800000, 0x0000000100000000)
  region size 1024K, 75 young (76800K), 1 survivors (1024K)
 Metaspace       used 12924K, capacity 13543K, committed 13824K, reserved 1060864K
  class space    used 1438K, capacity 1670K, committed 1792K, reserved 1048576K
}
Event: 808,225 GC heap after
{Heap after GC invocations=117 (full 0):
 garbage-first heap   total 131072K, used 5413K [0x0000000083800000, 0x0000000100000000)
  region size 1024K, 1 young (1024K), 1 survivors (1024K)
 Metaspace       used 12924K, capacity 13543K, committed 13824K, reserved 1060864K
  class space    used 1438K, capacity 1670K, committed 1792K, reserved 1048576K
}
Event: 814,712 GC heap before
{Heap before GC invocations=117 (full 0):
 garbage-first heap   total 131072K, used 81189K [0x0000000083800000, 0x0000000100000000)
  region size 1024K, 75 young (76800K), 1 survivors (1024K)
 Metaspace       used 12966K, capacity 13607K, committed 13824K, reserved 1060864K
  class space    used 1441K, capacity 1670K, committed 1792K, reserved 1048576K
}
Event: 814,713 GC heap after
{Heap after GC invocations=118 (full 0):
 garbage-first heap   total 131072K, used 5415K [0x0000000083800000, 0x0000000100000000)
  region size 1024K, 1 young (1024K), 1 survivors (1024K)
 Metaspace       used 12966K, capacity 13607K, committed 13824K, reserved 1060864K
  class space    used 1441K, capacity 1670K, committed 1792K, reserved 1048576K
}
Event: 820,893 GC heap before
{Heap before GC invocations=118 (full 0):
 garbage-first heap   total 131072K, used 81191K [0x0000000083800000, 0x0000000100000000)
  region size 1024K, 75 young (76800K), 1 survivors (1024K)
 Metaspace       used 12966K, capacity 13607K, committed 13824K, reserved 1060864K
  class space    used 1441K, capacity 1670K, committed 1792K, reserved 1048576K
}
Event: 820,894 GC heap after
{Heap after GC invocations=119 (full 0):
 garbage-first heap   total 131072K, used 5415K [0x0000000083800000, 0x0000000100000000)
  region size 1024K, 1 young (1024K), 1 survivors (1024K)
 Metaspace       used 12966K, capacity 13607K, committed 13824K, reserved 1060864K
  class space    used 1441K, capacity 1670K, committed 1792K, reserved 1048576K
}
Event: 827,155 GC heap before
{Heap before GC invocations=119 (full 0):
 garbage-first heap   total 131072K, used 81191K [0x0000000083800000, 0x0000000100000000)
  region size 1024K, 75 young (76800K), 1 survivors (1024K)
 Metaspace       used 12966K, capacity 13607K, committed 13824K, reserved 1060864K
  class space    used 1441K, capacity 1670K, committed 1792K, reserved 1048576K
}
Event: 827,156 GC heap after
{Heap after GC invocations=120 (full 0):
 garbage-first heap   total 131072K, used 5413K [0x0000000083800000, 0x0000000100000000)
  region size 1024K, 1 young (1024K), 1 survivors (1024K)
 Metaspace       used 12966K, capacity 13607K, committed 13824K, reserved 1060864K
  class space    used 1441K, capacity 1670K, committed 1792K, reserved 1048576K
}
Event: 833,269 GC heap before
{Heap before GC invocations=120 (full 0):
 garbage-first heap   total 131072K, used 81189K [0x0000000083800000, 0x0000000100000000)
  region size 1024K, 75 young (76800K), 1 survivors (1024K)
 Metaspace       used 12966K, capacity 13607K, committed 13824K, reserved 1060864K
  class space    used 1441K, capacity 1670K, committed 1792K, reserved 1048576K
}
Event: 833,270 GC heap after
{Heap after GC invocations=121 (full 0):
 garbage-first heap   total 131072K, used 5411K [0x0000000083800000, 0x0000000100000000)
  region size 1024K, 1 young (1024K), 1 survivors (1024K)
 Metaspace       used 12966K, capacity 13607K, committed 13824K, reserved 1060864K
  class space    used 1441K, capacity 1670K, committed 1792K, reserved 1048576K
}
Event: 839,365 GC heap before
{Heap before GC invocations=121 (full 0):
 garbage-first heap   total 131072K, used 81187K [0x0000000083800000, 0x0000000100000000)
  region size 1024K, 75 young (76800K), 1 survivors (1024K)
 Metaspace       used 12966K, capacity 13607K, committed 13824K, reserved 1060864K
  class space    used 1441K, capacity 1670K, committed 1792K, reserved 1048576K
}
Event: 839,366 GC heap after
{Heap after GC invocations=122 (full 0):
 garbage-first heap   total 131072K, used 5415K [0x0000000083800000, 0x0000000100000000)
  region size 1024K, 1 young (1024K), 1 survivors (1024K)
 Metaspace       used 12966K, capacity 13607K, committed 13824K, reserved 1060864K
  class space    used 1441K, capacity 1670K, committed 1792K, reserved 1048576K
}
Event: 845,571 GC heap before
{Heap before GC invocations=122 (full 0):
 garbage-first heap   total 131072K, used 81191K [0x0000000083800000, 0x0000000100000000)
  region size 1024K, 75 young (76800K), 1 survivors (1024K)
 Metaspace       used 12966K, capacity 13607K, committed 13824K, reserved 1060864K
  class space    used 1441K, capacity 1670K, committed 1792K, reserved 1048576K
}
Event: 845,573 GC heap after
{Heap after GC invocations=123 (full 0):
 garbage-first heap   total 131072K, used 5413K [0x0000000083800000, 0x0000000100000000)
  region size 1024K, 1 young (1024K), 1 survivors (1024K)
 Metaspace       used 12966K, capacity 13607K, committed 13824K, reserved 1060864K
  class space    used 1441K, capacity 1670K, committed 1792K, reserved 1048576K
}
Event: 851,799 GC heap before
{Heap before GC invocations=123 (full 0):
 garbage-first heap   total 131072K, used 81189K [0x0000000083800000, 0x0000000100000000)
  region size 1024K, 75 young (76800K), 1 survivors (1024K)
 Metaspace       used 12966K, capacity 13607K, committed 13824K, reserved 1060864K
  class space    used 1441K, capacity 1670K, committed 1792K, reserved 1048576K
}
Event: 851,800 GC heap after
{Heap after GC invocations=124 (full 0):
 garbage-first heap   total 131072K, used 5421K [0x0000000083800000, 0x0000000100000000)
  region size 1024K, 1 young (1024K), 1 survivors (1024K)
 Metaspace       used 12966K, capacity 13607K, committed 13824K, reserved 1060864K
  class space    used 1441K, capacity 1670K, committed 1792K, reserved 1048576K
}
Event: 858,041 GC heap before
{Heap before GC invocations=124 (full 0):
 garbage-first heap   total 131072K, used 81197K [0x0000000083800000, 0x0000000100000000)
  region size 1024K, 75 young (76800K), 1 survivors (1024K)
 Metaspace       used 12966K, capacity 13607K, committed 13824K, reserved 1060864K
  class space    used 1441K, capacity 1670K, committed 1792K, reserved 1048576K
}
Event: 858,042 GC heap after
{Heap after GC invocations=125 (full 0):
 garbage-first heap   total 131072K, used 5418K [0x0000000083800000, 0x0000000100000000)
  region size 1024K, 1 young (1024K), 1 survivors (1024K)
 Metaspace       used 12966K, capacity 13607K, committed 13824K, reserved 1060864K
  class space    used 1441K, capacity 1670K, committed 1792K, reserved 1048576K
}
Event: 934,297 GC heap before
{Heap before GC invocations=125 (full 0):
 garbage-first heap   total 131072K, used 81194K [0x0000000083800000, 0x0000000100000000)
  region size 1024K, 75 young (76800K), 1 survivors (1024K)
 Metaspace       used 13089K, capacity 13737K, committed 14080K, reserved 1060864K
  class space    used 1448K, capacity 1670K, committed 1792K, reserved 1048576K
}
Event: 934,298 GC heap after
{Heap after GC invocations=126 (full 0):
 garbage-first heap   total 131072K, used 5418K [0x0000000083800000, 0x0000000100000000)
  region size 1024K, 1 young (1024K), 1 survivors (1024K)
 Metaspace       used 13089K, capacity 13737K, committed 14080K, reserved 1060864K
  class space    used 1448K, capacity 1670K, committed 1792K, reserved 1048576K
}

