# JRE version: OpenJDK Runtime Environment (11.0.5+10) (build 11.0.5+10-post-Ubuntu-0ubuntu1.118.04)
# Java VM: OpenJDK 64-Bit Server VM (11.0.5+10-post-Ubuntu-0ubuntu1.118.04, mixed mode, sharing, tiered, compressed oops, g1 gc, linux-amd64)
Heap:
 garbage-first heap   total 131072K, used 70023K [0x0000000083800000, 0x0000000100000000)
  region size 1024K, 69 young (70656K), 5 survivors (5120K)
 Metaspace       used 12477K, capacity 13068K, committed 13184K, reserved 1060864K
  class space    used 1428K, capacity 1641K, committed 1664K, reserved 1048576K
GC Heap History (6 events):
Event: 1,016 GC heap before
{Heap before GC invocations=0 (full 0):
 garbage-first heap   total 131072K, used 23224K [0x0000000083800000, 0x0000000100000000)
  region size 1024K, 22 young (22528K), 0 survivors (0K)
 Metaspace       used 5238K, capacity 6719K, committed 6912K, reserved 1056768K
  class space    used 537K, capacity 733K, committed 768K, reserved 1048576K
}
Event: 1,028 GC heap after
{Heap after GC invocations=1 (full 0):
 garbage-first heap   total 131072K, used 2882K [0x0000000083800000, 0x0000000100000000)
  region size 1024K, 3 young (3072K), 3 survivors (3072K)
 Metaspace       used 5238K, capacity 6719K, committed 6912K, reserved 1056768K
  class space    used 537K, capacity 733K, committed 768K, reserved 1048576K
}
Event: 15,344 GC heap before
{Heap before GC invocations=1 (full 0):
 garbage-first heap   total 131072K, used 76610K [0x0000000083800000, 0x0000000100000000)
  region size 1024K, 75 young (76800K), 3 survivors (3072K)
 Metaspace       used 11737K, capacity 12475K, committed 12672K, reserved 1060864K
  class space    used 1364K, capacity 1572K, committed 1664K, reserved 1048576K
}
Event: 15,364 GC heap after
{Heap after GC invocations=2 (full 0):
 garbage-first heap   total 131072K, used 5080K [0x0000000083800000, 0x0000000100000000)
  region size 1024K, 5 young (5120K), 5 survivors (5120K)
 Metaspace       used 11737K, capacity 12475K, committed 12672K, reserved 1060864K
  class space    used 1364K, capacity 1572K, committed 1664K, reserved 1048576K
}
Event: 58,731 GC heap before
{Heap before GC invocations=2 (full 0):
 garbage-first heap   total 131072K, used 76760K [0x0000000083800000, 0x0000000100000000)
  region size 1024K, 75 young (76800K), 5 survivors (5120K)
 Metaspace       used 12373K, capacity 13004K, committed 13184K, reserved 1060864K
  class space    used 1425K, capacity 1641K, committed 1664K, reserved 1048576K
}
Event: 58,741 GC heap after
{Heap after GC invocations=3 (full 0):
 garbage-first heap   total 131072K, used 5511K [0x0000000083800000, 0x0000000100000000)
  region size 1024K, 5 young (5120K), 5 survivors (5120K)
 Metaspace       used 12373K, capacity 13004K, committed 13184K, reserved 1060864K
  class space    used 1425K, capacity 1641K, committed 1664K, reserved 1048576K
}

