# JRE version: OpenJDK Runtime Environment (11.0.5+10) (build 11.0.5+10-post-Ubuntu-0ubuntu1.118.04)
# Java VM: OpenJDK 64-Bit Server VM (11.0.5+10-post-Ubuntu-0ubuntu1.118.04, mixed mode, sharing, tiered, compressed oops, g1 gc, linux-amd64)
Heap:
 garbage-first heap   total 131072K, used 70434K [0x0000000083800000, 0x0000000100000000)
  region size 1024K, 66 young (67584K), 1 survivors (1024K)
 Metaspace       used 12160K, capacity 12672K, committed 12928K, reserved 1060864K
  class space    used 1362K, capacity 1572K, committed 1664K, reserved 1048576K
GC Heap History (20 events):
Event: 84,101 GC heap before
{Heap before GC invocations=14 (full 0):
 garbage-first heap   total 131072K, used 76681K [0x0000000083800000, 0x0000000100000000)
  region size 1024K, 75 young (76800K), 6 survivors (6144K)
 Metaspace       used 12086K, capacity 12608K, committed 12928K, reserved 1060864K
  class space    used 1357K, capacity 1572K, committed 1664K, reserved 1048576K
}
Event: 84,114 GC heap after
{Heap after GC invocations=15 (full 0):
 garbage-first heap   total 131072K, used 5839K [0x0000000083800000, 0x0000000100000000)
  region size 1024K, 6 young (6144K), 6 survivors (6144K)
 Metaspace       used 12086K, capacity 12608K, committed 12928K, reserved 1060864K
  class space    used 1357K, capacity 1572K, committed 1664K, reserved 1048576K
}
Event: 89,965 GC heap before
{Heap before GC invocations=15 (full 0):
 garbage-first heap   total 131072K, used 76495K [0x0000000083800000, 0x0000000100000000)
  region size 1024K, 75 young (76800K), 6 survivors (6144K)
 Metaspace       used 12086K, capacity 12608K, committed 12928K, reserved 1060864K
  class space    used 1357K, capacity 1572K, committed 1664K, reserved 1048576K
}
Event: 89,977 GC heap after
{Heap after GC invocations=16 (full 0):
 garbage-first heap   total 131072K, used 5847K [0x0000000083800000, 0x0000000100000000)
  region size 1024K, 3 young (3072K), 3 survivors (3072K)
 Metaspace       used 12086K, capacity 12608K, committed 12928K, reserved 1060864K
  class space    used 1357K, capacity 1572K, committed 1664K, reserved 1048576K
}
Event: 96,121 GC heap before
{Heap before GC invocations=16 (full 0):
 garbage-first heap   total 131072K, used 79575K [0x0000000083800000, 0x0000000100000000)
  region size 1024K, 75 young (76800K), 3 survivors (3072K)
 Metaspace       used 12086K, capacity 12608K, committed 12928K, reserved 1060864K
  class space    used 1357K, capacity 1572K, committed 1664K, reserved 1048576K
}
Event: 96,127 GC heap after
{Heap after GC invocations=17 (full 0):
 garbage-first heap   total 131072K, used 6020K [0x0000000083800000, 0x0000000100000000)
  region size 1024K, 1 young (1024K), 1 survivors (1024K)
 Metaspace       used 12086K, capacity 12608K, committed 12928K, reserved 1060864K
  class space    used 1357K, capacity 1572K, committed 1664K, reserved 1048576K
}
Event: 102,426 GC heap before
{Heap before GC invocations=17 (full 0):
 garbage-first heap   total 131072K, used 81796K [0x0000000083800000, 0x0000000100000000)
  region size 1024K, 75 young (76800K), 1 survivors (1024K)
 Metaspace       used 12086K, capacity 12608K, committed 12928K, reserved 1060864K
  class space    used 1357K, capacity 1572K, committed 1664K, reserved 1048576K
}
Event: 102,429 GC heap after
{Heap after GC invocations=18 (full 0):
 garbage-first heap   total 131072K, used 5856K [0x0000000083800000, 0x0000000100000000)
  region size 1024K, 1 young (1024K), 1 survivors (1024K)
 Metaspace       used 12086K, capacity 12608K, committed 12928K, reserved 1060864K
  class space    used 1357K, capacity 1572K, committed 1664K, reserved 1048576K
}
Event: 108,740 GC heap before
{Heap before GC invocations=18 (full 0):
 garbage-first heap   total 131072K, used 81632K [0x0000000083800000, 0x0000000100000000)
  region size 1024K, 75 young (76800K), 1 survivors (1024K)
 Metaspace       used 12086K, capacity 12608K, committed 12928K, reserved 1060864K
  class space    used 1357K, capacity 1572K, committed 1664K, reserved 1048576K
}
Event: 108,742 GC heap after
{Heap after GC invocations=19 (full 0):
 garbage-first heap   total 131072K, used 5909K [0x0000000083800000, 0x0000000100000000)
  region size 1024K, 1 young (1024K), 1 survivors (1024K)
 Metaspace       used 12086K, capacity 12608K, committed 12928K, reserved 1060864K
  class space    used 1357K, capacity 1572K, committed 1664K, reserved 1048576K
}
Event: 115,066 GC heap before
{Heap before GC invocations=19 (full 0):
 garbage-first heap   total 131072K, used 81685K [0x0000000083800000, 0x0000000100000000)
  region size 1024K, 75 young (76800K), 1 survivors (1024K)
 Metaspace       used 12086K, capacity 12608K, committed 12928K, reserved 1060864K
  class space    used 1357K, capacity 1572K, committed 1664K, reserved 1048576K
}
Event: 115,068 GC heap after
{Heap after GC invocations=20 (full 0):
 garbage-first heap   total 131072K, used 5943K [0x0000000083800000, 0x0000000100000000)
  region size 1024K, 1 young (1024K), 1 survivors (1024K)
 Metaspace       used 12086K, capacity 12608K, committed 12928K, reserved 1060864K
  class space    used 1357K, capacity 1572K, committed 1664K, reserved 1048576K
}
Event: 121,366 GC heap before
{Heap before GC invocations=20 (full 0):
 garbage-first heap   total 131072K, used 81719K [0x0000000083800000, 0x0000000100000000)
  region size 1024K, 75 young (76800K), 1 survivors (1024K)
 Metaspace       used 12086K, capacity 12608K, committed 12928K, reserved 1060864K
  class space    used 1357K, capacity 1572K, committed 1664K, reserved 1048576K
}
Event: 121,369 GC heap after
{Heap after GC invocations=21 (full 0):
 garbage-first heap   total 131072K, used 5895K [0x0000000083800000, 0x0000000100000000)
  region size 1024K, 1 young (1024K), 1 survivors (1024K)
 Metaspace       used 12086K, capacity 12608K, committed 12928K, reserved 1060864K
  class space    used 1357K, capacity 1572K, committed 1664K, reserved 1048576K
}
Event: 127,672 GC heap before
{Heap before GC invocations=21 (full 0):
 garbage-first heap   total 131072K, used 81671K [0x0000000083800000, 0x0000000100000000)
  region size 1024K, 75 young (76800K), 1 survivors (1024K)
 Metaspace       used 12086K, capacity 12608K, committed 12928K, reserved 1060864K
  class space    used 1357K, capacity 1572K, committed 1664K, reserved 1048576K
}
Event: 127,675 GC heap after
{Heap after GC invocations=22 (full 0):
 garbage-first heap   total 131072K, used 5945K [0x0000000083800000, 0x0000000100000000)
  region size 1024K, 1 young (1024K), 1 survivors (1024K)
 Metaspace       used 12086K, capacity 12608K, committed 12928K, reserved 1060864K
  class space    used 1357K, capacity 1572K, committed 1664K, reserved 1048576K
}
Event: 133,973 GC heap before
{Heap before GC invocations=22 (full 0):
 garbage-first heap   total 131072K, used 81721K [0x0000000083800000, 0x0000000100000000)
  region size 1024K, 75 young (76800K), 1 survivors (1024K)
 Metaspace       used 12105K, capacity 12608K, committed 12928K, reserved 1060864K
  class space    used 1358K, capacity 1572K, committed 1664K, reserved 1048576K
}
Event: 133,977 GC heap after
{Heap after GC invocations=23 (full 0):
 garbage-first heap   total 131072K, used 5887K [0x0000000083800000, 0x0000000100000000)
  region size 1024K, 1 young (1024K), 1 survivors (1024K)
 Metaspace       used 12105K, capacity 12608K, committed 12928K, reserved 1060864K
  class space    used 1358K, capacity 1572K, committed 1664K, reserved 1048576K
}
Event: 140,281 GC heap before
{Heap before GC invocations=23 (full 0):
 garbage-first heap   total 131072K, used 81663K [0x0000000083800000, 0x0000000100000000)
  region size 1024K, 75 young (76800K), 1 survivors (1024K)
 Metaspace       used 12105K, capacity 12608K, committed 12928K, reserved 1060864K
  class space    used 1358K, capacity 1572K, committed 1664K, reserved 1048576K
}
Event: 140,284 GC heap after
{Heap after GC invocations=24 (full 0):
 garbage-first heap   total 131072K, used 5922K [0x0000000083800000, 0x0000000100000000)
  region size 1024K, 1 young (1024K), 1 survivors (1024K)
 Metaspace       used 12105K, capacity 12608K, committed 12928K, reserved 1060864K
  class space    used 1358K, capacity 1572K, committed 1664K, reserved 1048576K
}

